2024-12-16 11:07:35 - INFO - c.e.g.GestionhotelApplication - Starting GestionhotelApplication using Java 21.0.3 with PID 17988 (D:\TEK-UP\Projet_Spring\gestionhotel\gestionhotel\target\classes started by hadef in D:\TEK-UP\Projet_Spring\gestionhotel\gestionhotel)
2024-12-16 11:07:35 - DEBUG - c.e.g.GestionhotelApplication - Running with Spring Boot v3.3.5, Spring v6.1.14
2024-12-16 11:07:35 - INFO - c.e.g.GestionhotelApplication - No active profile set, falling back to 1 default profile: "default"
2024-12-16 11:07:35 - INFO - o.s.b.d.e.DevToolsPropertyDefaultsPostProcessor - Devtools property defaults active! Set 'spring.devtools.add-properties' to 'false' to disable
2024-12-16 11:07:35 - INFO - o.s.b.d.e.DevToolsPropertyDefaultsPostProcessor - For additional web related logging consider setting the 'logging.level.web' property to 'DEBUG'
2024-12-16 11:07:36 - INFO - o.s.d.r.c.RepositoryConfigurationDelegate - Bootstrapping Spring Data JPA repositories in DEFAULT mode.
2024-12-16 11:07:36 - INFO - o.s.d.r.c.RepositoryConfigurationDelegate - Finished Spring Data repository scanning in 46 ms. Found 3 JPA repository interfaces.
2024-12-16 11:07:36 - INFO - o.s.b.w.e.tomcat.TomcatWebServer - Tomcat initialized with port 8087 (http)
2024-12-16 11:07:36 - INFO - o.a.coyote.http11.Http11NioProtocol - Initializing ProtocolHandler ["http-nio-8087"]
2024-12-16 11:07:36 - INFO - o.a.catalina.core.StandardService - Starting service [Tomcat]
2024-12-16 11:07:36 - INFO - o.a.catalina.core.StandardEngine - Starting Servlet engine: [Apache Tomcat/10.1.31]
2024-12-16 11:07:36 - INFO - o.a.c.c.C.[Tomcat].[localhost].[/] - Initializing Spring embedded WebApplicationContext
2024-12-16 11:07:36 - INFO - o.s.b.w.s.c.ServletWebServerApplicationContext - Root WebApplicationContext: initialization completed in 1363 ms
2024-12-16 11:07:36 - INFO - o.h.jpa.internal.util.LogHelper - HHH000204: Processing PersistenceUnitInfo [name: default]
2024-12-16 11:07:37 - INFO - org.hibernate.Version - HHH000412: Hibernate ORM core version 6.5.3.Final
2024-12-16 11:07:37 - INFO - o.h.c.i.RegionFactoryInitiator - HHH000026: Second-level cache disabled
2024-12-16 11:07:37 - INFO - o.s.o.j.p.SpringPersistenceUnitInfo - No LoadTimeWeaver setup: ignoring JPA class transformer
2024-12-16 11:07:37 - INFO - com.zaxxer.hikari.HikariDataSource - HikariPool-1 - Starting...
2024-12-16 11:07:37 - INFO - com.zaxxer.hikari.pool.HikariPool - HikariPool-1 - Added connection com.mysql.cj.jdbc.ConnectionImpl@5769ebdf
2024-12-16 11:07:37 - INFO - com.zaxxer.hikari.HikariDataSource - HikariPool-1 - Start completed.
2024-12-16 11:07:37 - WARN - org.hibernate.dialect.Dialect - HHH000511: The 5.5.5 version for [org.hibernate.dialect.MySQLDialect] is no longer supported, hence certain features may not work properly. The minimum supported version is 8.0.0. Check the community dialects project for available legacy versions.
2024-12-16 11:07:37 - WARN - org.hibernate.orm.deprecation - HHH90000025: MySQLDialect does not need to be specified explicitly using 'hibernate.dialect' (remove the property setting and it will be selected by default)
2024-12-16 11:07:38 - INFO - o.h.e.t.j.p.i.JtaPlatformInitiator - HHH000489: No JTA platform available (set 'hibernate.transaction.jta.platform' to enable JTA platform integration)
2024-12-16 11:07:38 - INFO - o.s.o.j.LocalContainerEntityManagerFactoryBean - Initialized JPA EntityManagerFactory for persistence unit 'default'
2024-12-16 11:07:38 - INFO - o.s.d.j.r.query.QueryEnhancerFactory - Hibernate is in classpath; If applicable, HQL parser will be used.
2024-12-16 11:07:39 - WARN - o.s.b.a.o.j.JpaBaseConfiguration$JpaWebConfiguration - spring.jpa.open-in-view is enabled by default. Therefore, database queries may be performed during view rendering. Explicitly configure spring.jpa.open-in-view to disable this warning
2024-12-16 11:07:39 - INFO - o.s.s.c.a.a.c.InitializeUserDetailsBeanManagerConfigurer$InitializeUserDetailsManagerConfigurer - Global AuthenticationManager configured with UserDetailsService bean with name adminService
2024-12-16 11:07:39 - INFO - o.s.b.d.a.OptionalLiveReloadServer - LiveReload server is running on port 35729
2024-12-16 11:07:39 - INFO - o.a.coyote.http11.Http11NioProtocol - Starting ProtocolHandler ["http-nio-8087"]
2024-12-16 11:07:39 - INFO - o.s.b.w.e.tomcat.TomcatWebServer - Tomcat started on port 8087 (http) with context path '/'
2024-12-16 11:07:39 - INFO - c.e.g.GestionhotelApplication - Started GestionhotelApplication in 4.856 seconds (process running for 5.787)
2024-12-16 11:07:45 - INFO - o.a.c.c.C.[Tomcat].[localhost].[/] - Initializing Spring DispatcherServlet 'dispatcherServlet'
2024-12-16 11:07:45 - INFO - o.s.web.servlet.DispatcherServlet - Initializing Servlet 'dispatcherServlet'
2024-12-16 11:07:45 - INFO - o.s.web.servlet.DispatcherServlet - Completed initialization in 0 ms
2024-12-16 11:08:47 - WARN - c.e.g.C.admin.LoginController - Login failed for user: admin. Error: {}
2024-12-16 11:17:14 - WARN - c.e.g.C.admin.LoginController - Login failed for user: admin. Error: {}
2024-12-16 11:34:41 - INFO - o.s.o.j.LocalContainerEntityManagerFactoryBean - Closing JPA EntityManagerFactory for persistence unit 'default'
2024-12-16 11:34:41 - INFO - com.zaxxer.hikari.HikariDataSource - HikariPool-1 - Shutdown initiated...
2024-12-16 11:34:41 - INFO - com.zaxxer.hikari.HikariDataSource - HikariPool-1 - Shutdown completed.
